<?xml version="1.0" encoding="UTF-8"?>
<!-- Generated by org.testng.reporters.JUnitReportReporter -->
<testsuite hostname="LAPTOP-2EFM3REO" failures="0" tests="1" name="com.qa.tests.GetApiTest" time="0.729" errors="0" timestamp="7 Mar 2020 16:26:43 GMT">
  <testcase classname="com.qa.tests.GetApiTest" name="getTest" time="0.729"/>
</testsuite> <!-- com.qa.tests.GetApiTest -->
