<?xml version="1.0" encoding="UTF-8"?>
<!-- Generated by org.testng.reporters.JUnitReportReporter -->
<testsuite hostname="LAPTOP-2EFM3REO" failures="0" tests="1" name="com.qa.tests.GetApiTest" time="1.544" errors="0" timestamp="5 May 2020 14:06:51 GMT">
  <testcase classname="com.qa.tests.GetApiTest" name="getTest" time="1.544"/>
</testsuite> <!-- com.qa.tests.GetApiTest -->
